0 info it worked if it ends with ok
1 verbose cli [ '/usr/local/bin/node',
1 verbose cli   '/usr/local/bin/npm',
1 verbose cli   'install',
1 verbose cli   '-g',
1 verbose cli   'bower' ]
2 info using npm@1.4.14
3 info using node@v0.10.29
4 verbose node symlink /usr/local/bin/node
5 verbose cache add [ 'bower', null ]
6 verbose cache add name=undefined spec="bower" args=["bower",null]
7 verbose parsed url { protocol: null,
7 verbose parsed url   slashes: null,
7 verbose parsed url   auth: null,
7 verbose parsed url   host: null,
7 verbose parsed url   port: null,
7 verbose parsed url   hostname: null,
7 verbose parsed url   hash: null,
7 verbose parsed url   search: null,
7 verbose parsed url   query: null,
7 verbose parsed url   pathname: 'bower',
7 verbose parsed url   path: 'bower',
7 verbose parsed url   href: 'bower' }
8 silly lockFile 206e3ce5-bower bower
9 verbose lock bower /home/vagrant/.npm/206e3ce5-bower.lock
10 silly lockFile 206e3ce5-bower bower
11 silly lockFile 206e3ce5-bower bower
12 verbose addNamed [ 'bower', '' ]
13 verbose addNamed [ null, '*' ]
14 silly lockFile 1240aab1-bower bower@
15 verbose lock bower@ /home/vagrant/.npm/1240aab1-bower.lock
16 silly addNameRange { name: 'bower', range: '*', hasData: false }
17 verbose url raw bower
18 verbose url resolving [ 'https://registry.npmjs.org/', './bower' ]
19 verbose url resolved https://registry.npmjs.org/bower
20 info trying registry request attempt 1 at 22:11:22
21 verbose etag "8FAPX1YOG0LX2Z8RW4YQ9FXSI"
22 http GET https://registry.npmjs.org/bower
23 http 200 https://registry.npmjs.org/bower
24 silly registry.get cb [ 200,
24 silly registry.get   { server: 'CouchDB/1.5.0 (Erlang OTP/R16B03)',
24 silly registry.get     etag: '"AJZG3F9BBUBU91J9Y6TINU9II"',
24 silly registry.get     'content-type': 'application/json',
24 silly registry.get     'cache-control': 'max-age=60',
24 silly registry.get     'content-length': '112033',
24 silly registry.get     'accept-ranges': 'bytes',
24 silly registry.get     date: 'Thu, 14 May 2015 22:22:53 GMT',
24 silly registry.get     via: '1.1 varnish',
24 silly registry.get     age: '25',
24 silly registry.get     connection: 'keep-alive',
24 silly registry.get     'x-served-by': 'cache-sjc3127-SJC',
24 silly registry.get     'x-cache': 'HIT',
24 silly registry.get     'x-cache-hits': '1',
24 silly registry.get     'x-timer': 'S1431642173.608479,VS0,VE0',
24 silly registry.get     vary: 'Accept' } ]
25 silly addNameRange number 2 { name: 'bower', range: '*', hasData: true }
26 silly addNameRange versions [ 'bower',
26 silly addNameRange   [ '0.1.0',
26 silly addNameRange     '0.1.2',
26 silly addNameRange     '0.1.3',
26 silly addNameRange     '0.2.0',
26 silly addNameRange     '0.3.0',
26 silly addNameRange     '0.3.1',
26 silly addNameRange     '0.3.2',
26 silly addNameRange     '0.4.0',
26 silly addNameRange     '0.5.0',
26 silly addNameRange     '0.5.1',
26 silly addNameRange     '0.6.0',
26 silly addNameRange     '0.6.1',
26 silly addNameRange     '0.6.2',
26 silly addNameRange     '0.6.3',
26 silly addNameRange     '0.6.4',
26 silly addNameRange     '0.6.5',
26 silly addNameRange     '0.6.6',
26 silly addNameRange     '0.6.7',
26 silly addNameRange     '0.6.8',
26 silly addNameRange     '0.7.0',
26 silly addNameRange     '0.7.1',
26 silly addNameRange     '0.8.0',
26 silly addNameRange     '0.8.1',
26 silly addNameRange     '0.8.2',
26 silly addNameRange     '0.8.3',
26 silly addNameRange     '0.8.4',
26 silly addNameRange     '0.8.5',
26 silly addNameRange     '0.8.6',
26 silly addNameRange     '0.9.0',
26 silly addNameRange     '0.9.1',
26 silly addNameRange     '0.9.2',
26 silly addNameRange     '0.10.0',
26 silly addNameRange     '1.0.0',
26 silly addNameRange     '1.0.1',
26 silly addNameRange     '1.0.2',
26 silly addNameRange     '1.0.3',
26 silly addNameRange     '1.1.0',
26 silly addNameRange     '1.1.1',
26 silly addNameRange     '1.1.2',
26 silly addNameRange     '1.2.0',
26 silly addNameRange     '1.2.1',
26 silly addNameRange     '1.2.2',
26 silly addNameRange     '1.2.3',
26 silly addNameRange     '1.2.4',
26 silly addNameRange     '1.2.5',
26 silly addNameRange     '1.2.6',
26 silly addNameRange     '1.2.7',
26 silly addNameRange     '1.2.8',
26 silly addNameRange     '1.3.0',
26 silly addNameRange     '1.3.1',
26 silly addNameRange     '1.3.2',
26 silly addNameRange     '1.3.3',
26 silly addNameRange     '1.3.4',
26 silly addNameRange     '1.3.5',
26 silly addNameRange     '1.3.6',
26 silly addNameRange     '1.3.7',
26 silly addNameRange     '1.3.8',
26 silly addNameRange     '1.3.9',
26 silly addNameRange     '1.3.10',
26 silly addNameRange     '1.3.11',
26 silly addNameRange     '1.3.12',
26 silly addNameRange     '1.4.0',
26 silly addNameRange     '1.4.1' ] ]
27 verbose addNamed [ 'bower', '1.4.1' ]
28 verbose addNamed [ '1.4.1', '1.4.1' ]
29 silly lockFile 185f46c0-bower-1-4-1 bower@1.4.1
30 verbose lock bower@1.4.1 /home/vagrant/.npm/185f46c0-bower-1-4-1.lock
31 silly lockFile 04dcb06b--npmjs-org-bower-bower-1-4-1-tgz https://registry.npmjs.org/bower/-/bower-1.4.1.tgz
32 verbose lock https://registry.npmjs.org/bower/-/bower-1.4.1.tgz /home/vagrant/.npm/04dcb06b--npmjs-org-bower-bower-1-4-1-tgz.lock
33 verbose addRemoteTarball [ 'https://registry.npmjs.org/bower/-/bower-1.4.1.tgz',
33 verbose addRemoteTarball   'a18be39d030792754f30f1c5b32d37b0156ba8dd' ]
34 info retry fetch attempt 1 at 22:11:23
35 verbose fetch to= /home/vagrant/tmp/npm-2328-nPIV5MQG/registry.npmjs.org/bower/-/bower-1.4.1.tgz
36 http GET https://registry.npmjs.org/bower/-/bower-1.4.1.tgz
37 http 200 https://registry.npmjs.org/bower/-/bower-1.4.1.tgz
38 silly lockFile 04dcb06b--npmjs-org-bower-bower-1-4-1-tgz https://registry.npmjs.org/bower/-/bower-1.4.1.tgz
39 silly lockFile 04dcb06b--npmjs-org-bower-bower-1-4-1-tgz https://registry.npmjs.org/bower/-/bower-1.4.1.tgz
40 silly lockFile 185f46c0-bower-1-4-1 bower@1.4.1
41 silly lockFile 185f46c0-bower-1-4-1 bower@1.4.1
42 silly lockFile 1240aab1-bower bower@
43 silly lockFile 1240aab1-bower bower@
44 silly resolved [ { name: 'bower',
44 silly resolved     version: '1.4.1',
44 silly resolved     description: 'The browser package manager',
44 silly resolved     author: { name: 'Twitter' },
44 silly resolved     licenses: [ [Object] ],
44 silly resolved     repository: { type: 'git', url: 'https://github.com/bower/bower' },
44 silly resolved     main: 'lib',
44 silly resolved     homepage: 'http://bower.io',
44 silly resolved     engines: { node: '>=0.10.0' },
44 silly resolved     dependencies:
44 silly resolved      { abbrev: '^1.0.5',
44 silly resolved        archy: '1.0.0',
44 silly resolved        'bower-config': '^0.6.1',
44 silly resolved        'bower-endpoint-parser': '^0.2.2',
44 silly resolved        'bower-json': '^0.4.0',
44 silly resolved        'bower-logger': '^0.2.2',
44 silly resolved        'bower-registry-client': '^0.3.0',
44 silly resolved        cardinal: '0.4.4',
44 silly resolved        chalk: '^1.0.0',
44 silly resolved        chmodr: '0.1.0',
44 silly resolved        configstore: '^0.3.2',
44 silly resolved        'decompress-zip': '^0.1.0',
44 silly resolved        fstream: '^1.0.3',
44 silly resolved        'fstream-ignore': '^1.0.2',
44 silly resolved        github: '^0.2.3',
44 silly resolved        glob: '^4.3.2',
44 silly resolved        'graceful-fs': '^3.0.5',
44 silly resolved        handlebars: '^2.0.0',
44 silly resolved        inquirer: '0.8.0',
44 silly resolved        insight: '^0.5.0',
44 silly resolved        'is-root': '^1.0.0',
44 silly resolved        junk: '^1.0.0',
44 silly resolved        lockfile: '^1.0.0',
44 silly resolved        'lru-cache': '^2.5.0',
44 silly resolved        mkdirp: '0.5.0',
44 silly resolved        mout: '^0.11.0',
44 silly resolved        nopt: '^3.0.1',
44 silly resolved        opn: '^1.0.1',
44 silly resolved        'p-throttler': '0.1.1',
44 silly resolved        promptly: '0.2.0',
44 silly resolved        q: '^1.1.2',
44 silly resolved        request: '2.53.0',
44 silly resolved        'request-progress': '0.3.1',
44 silly resolved        retry: '0.6.1',
44 silly resolved        rimraf: '^2.2.8',
44 silly resolved        semver: '^2.3.0',
44 silly resolved        'shell-quote': '^1.4.2',
44 silly resolved        'stringify-object': '^1.0.0',
44 silly resolved        'tar-fs': '^1.4.1',
44 silly resolved        tmp: '0.0.24',
44 silly resolved        'update-notifier': '^0.3.0',
44 silly resolved        'user-home': '^1.1.0',
44 silly resolved        which: '^1.0.8' },
44 silly resolved     devDependencies:
44 silly resolved      { chai: '^1.10.0',
44 silly resolved        coveralls: '^2.11.2',
44 silly resolved        'expect.js': '^0.3.1',
44 silly resolved        grunt: '^0.4.5',
44 silly resolved        'grunt-cli': '^0.1.13',
44 silly resolved        'grunt-contrib-jshint': '^0.10.0',
44 silly resolved        'grunt-contrib-watch': '^0.6.1',
44 silly resolved        'grunt-exec': '^0.4.6',
44 silly resolved        'grunt-simple-mocha': '^0.4.0',
44 silly resolved        istanbul: '^0.3.5',
44 silly resolved        'load-grunt-tasks': '^2.0.0',
44 silly resolved        mocha: '^2.1.0',
44 silly resolved        multiline: '^1.0.2',
44 silly resolved        nock: '^0.56.0',
44 silly resolved        'node-uuid': '^1.4.2',
44 silly resolved        proxyquire: '^1.3.0',
44 silly resolved        'spawn-sync': '^1.0.5' },
44 silly resolved     scripts: { test: 'grunt test' },
44 silly resolved     bin: { bower: 'bin/bower' },
44 silly resolved     preferGlobal: true,
44 silly resolved     gitHead: 'a1287416d40f944d58cb8f2e774e2076bfffd32f',
44 silly resolved     bugs: { url: 'https://github.com/bower/bower/issues' },
44 silly resolved     _id: 'bower@1.4.1',
44 silly resolved     _shasum: 'a18be39d030792754f30f1c5b32d37b0156ba8dd',
44 silly resolved     _from: 'bower@',
44 silly resolved     _npmVersion: '2.7.4',
44 silly resolved     _nodeVersion: '0.12.0',
44 silly resolved     _npmUser: { name: 'sheerun', email: 'sheerun@sher.pl' },
44 silly resolved     maintainers: [ [Object], [Object], [Object], [Object], [Object], [Object] ],
44 silly resolved     dist:
44 silly resolved      { shasum: 'a18be39d030792754f30f1c5b32d37b0156ba8dd',
44 silly resolved        tarball: 'http://registry.npmjs.org/bower/-/bower-1.4.1.tgz' },
44 silly resolved     directories: {},
44 silly resolved     _resolved: 'https://registry.npmjs.org/bower/-/bower-1.4.1.tgz' } ]
45 info install bower@1.4.1 into /usr/local/lib
46 info installOne bower@1.4.1
47 info /usr/local/lib/node_modules/bower unbuild
48 verbose tar unpack /home/vagrant/.npm/bower/1.4.1/package.tgz
49 silly lockFile 1396471b-usr-local-lib-node-modules-bower tar:///usr/local/lib/node_modules/bower
50 verbose lock tar:///usr/local/lib/node_modules/bower /home/vagrant/.npm/1396471b-usr-local-lib-node-modules-bower.lock
51 silly lockFile e17e40b1-rant-npm-bower-1-4-1-package-tgz tar:///home/vagrant/.npm/bower/1.4.1/package.tgz
52 verbose lock tar:///home/vagrant/.npm/bower/1.4.1/package.tgz /home/vagrant/.npm/e17e40b1-rant-npm-bower-1-4-1-package-tgz.lock
53 silly gunzTarPerm modes [ '755', '644' ]
54 error Error: EACCES, mkdir '/usr/local/lib/node_modules/bower'
54 error  { [Error: EACCES, mkdir '/usr/local/lib/node_modules/bower']
54 error   errno: 3,
54 error   code: 'EACCES',
54 error   path: '/usr/local/lib/node_modules/bower',
54 error   fstream_type: 'Directory',
54 error   fstream_path: '/usr/local/lib/node_modules/bower',
54 error   fstream_class: 'DirWriter',
54 error   fstream_stack:
54 error    [ '/opt/node-v0.10.29-linux-x86/lib/node_modules/npm/node_modules/fstream/lib/dir-writer.js:36:23',
54 error      '/opt/node-v0.10.29-linux-x86/lib/node_modules/npm/node_modules/mkdirp/index.js:37:53',
54 error      'Object.oncomplete (fs.js:107:15)' ] }
55 error Please try running this command again as root/Administrator.
56 error System Linux 3.2.0-23-generic-pae
57 error command "/usr/local/bin/node" "/usr/local/bin/npm" "install" "-g" "bower"
58 error cwd /vagrant/Bloc-Jams-Mobile
59 error node -v v0.10.29
60 error npm -v 1.4.14
61 error path /usr/local/lib/node_modules/bower
62 error fstream_path /usr/local/lib/node_modules/bower
63 error fstream_type Directory
64 error fstream_class DirWriter
65 error code EACCES
66 error errno 3
67 error stack Error: EACCES, mkdir '/usr/local/lib/node_modules/bower'
68 error fstream_stack /opt/node-v0.10.29-linux-x86/lib/node_modules/npm/node_modules/fstream/lib/dir-writer.js:36:23
68 error fstream_stack /opt/node-v0.10.29-linux-x86/lib/node_modules/npm/node_modules/mkdirp/index.js:37:53
68 error fstream_stack Object.oncomplete (fs.js:107:15)
69 verbose exit [ 3, true ]
